Log file open, 10/02/18 20:12:10
LogWindows: Failed to load 'aqProf.dll' (GetLastError=126)
LogWindows: File 'aqProf.dll' does not exist
LogWindows: Failed to load 'VSPerf140.dll' (GetLastError=126)
LogWindows: File 'VSPerf140.dll' does not exist
LogWindows: Failed to load 'VtuneApi.dll' (GetLastError=126)
LogWindows: File 'VtuneApi.dll' does not exist
LogWindows: Failed to load 'VtuneApi32e.dll' (GetLastError=126)
LogWindows: File 'VtuneApi32e.dll' does not exist
LogInit: Display: Running engine for game: Island
LogPlatformFile: Not using cached read wrapper
LogTaskGraph: Started task graph with 5 named threads and 11 total threads with 3 sets of task threads.
LogStats: Stats thread started at 0.161440
LogD3D11RHI: Loaded GFSDK_Aftermath_Lib.x64.dll
LogICUInternationalization: Display: ICU TimeZone Detection - Raw Offset: -3:00, Platform Override: ''
LogPluginManager: Mounting plugin Paper2D
LogPluginManager: Mounting plugin AISupport
LogPluginManager: Mounting plugin LightPropagationVolume
LogPluginManager: Mounting plugin CLionSourceCodeAccess
LogPluginManager: Mounting plugin CodeLiteSourceCodeAccess
LogPluginManager: Mounting plugin GitSourceControl
LogPluginManager: Mounting plugin KDevelopSourceCodeAccess
LogPluginManager: Mounting plugin NullSourceCodeAccess
LogPluginManager: Mounting plugin PerforceSourceControl
LogPluginManager: Mounting plugin SubversionSourceControl
LogPluginManager: Mounting plugin UObjectPlugin
LogPluginManager: Mounting plugin VisualStudioCodeSourceCodeAccess
LogPluginManager: Mounting plugin VisualStudioSourceCodeAccess
LogPluginManager: Mounting plugin XCodeSourceCodeAccess
LogPluginManager: Mounting plugin AssetManagerEditor
LogPluginManager: Mounting plugin CryptoKeys
LogPluginManager: Mounting plugin DataValidation
LogPluginManager: Mounting plugin FacialAnimation
LogPluginManager: Mounting plugin GameplayTagsEditor
LogPluginManager: Mounting plugin MacGraphicsSwitching
LogPluginManager: Mounting plugin MeshEditor
LogPluginManager: Mounting plugin MobileLauncherProfileWizard
LogPluginManager: Mounting plugin PluginBrowser
LogPluginManager: Mounting plugin SpeedTreeImporter
LogPluginManager: Mounting plugin DatasmithContent
LogPluginManager: Mounting plugin AlembicImporter
LogPluginManager: Mounting plugin AppleImageUtils
LogPluginManager: Mounting plugin AppleVision
LogPluginManager: Mounting plugin BackChannel
LogPluginManager: Mounting plugin CharacterAI
LogPluginManager: Mounting plugin GeometryCache
LogPluginManager: Mounting plugin HTML5Networking
LogPluginManager: Mounting plugin ProxyLODPlugin
LogPluginManager: Mounting plugin MagicLeap
LogPluginManager: Mounting plugin MagicLeapEmulator
LogPluginManager: Mounting plugin MagicLeapMedia
LogPluginManager: Mounting plugin AndroidMedia
LogPluginManager: Mounting plugin AvfMedia
LogPluginManager: Mounting plugin ImgMedia
LogPluginManager: Mounting plugin LinearTimecode
LogPluginManager: Mounting plugin MediaCompositing
LogPluginManager: Mounting plugin MediaPlayerEditor
LogPluginManager: Mounting plugin WmfMedia
LogPluginManager: Mounting plugin TcpMessaging
LogPluginManager: Mounting plugin UdpMessaging
LogPluginManager: Mounting plugin ActorSequence
LogPluginManager: Mounting plugin LevelSequenceEditor
LogPluginManager: Mounting plugin MatineeToLevelSequence
LogPluginManager: Mounting plugin NetcodeUnitTest
LogPluginManager: Mounting plugin NUTUnrealEngine4
LogPluginManager: Mounting plugin OnlineSubsystemGooglePlay
LogPluginManager: Mounting plugin OnlineSubsystemIOS
LogPluginManager: Mounting plugin OnlineSubsystem
LogPluginManager: Mounting plugin OnlineSubsystemNull
LogPluginManager: Mounting plugin OnlineSubsystemUtils
LogPluginManager: Mounting plugin LauncherChunkInstaller
LogPluginManager: Mounting plugin AndroidDeviceProfileSelector
LogPluginManager: Mounting plugin AndroidMoviePlayer
LogPluginManager: Mounting plugin AndroidPermission
LogPluginManager: Mounting plugin AppleMoviePlayer
LogPluginManager: Mounting plugin ArchVisCharacter
LogPluginManager: Mounting plugin AudioCapture
LogPluginManager: Mounting plugin CableComponent
LogPluginManager: Mounting plugin CustomMeshComponent
LogPluginManager: Mounting plugin EditableMesh
LogPluginManager: Mounting plugin ExampleDeviceProfileSelector
LogPluginManager: Mounting plugin GoogleCloudMessaging
LogPluginManager: Mounting plugin ImmediatePhysics
LogPluginManager: Mounting plugin IOSDeviceProfileSelector
LogPluginManager: Mounting plugin LinuxDeviceProfileSelector
LogPluginManager: Mounting plugin LocationServicesBPLibrary
LogPluginManager: Mounting plugin MobilePatchingUtils
LogPluginManager: Mounting plugin OculusVR
LogPluginManager: Plugin shader directory ../../../Engine/Plugins/Runtime/Oculus/OculusVR/Shaders found
LogPluginManager: Mapping shader source directory ../../../Engine/Plugins/Runtime/Oculus/OculusVR/Shaders to virtual directory /Plugin/OculusVR
LogPluginManager: Mounting plugin PhysXVehicles
LogPluginManager: Mounting plugin ProceduralMeshComponent
LogPluginManager: Mounting plugin RuntimePhysXCooking
LogPluginManager: Mounting plugin SteamVR
LogPluginManager: Mounting plugin WindowsMoviePlayer
LogStreaming: Display: Took  0.205s to configure plugins.
LogInit: Using libcurl 7.55.1-DEV
LogInit:  - built for x86_64-pc-win32
LogInit:  - supports SSL with OpenSSL/1.0.2h
LogInit:  - supports HTTP deflate (compression) using libz 1.2.8
LogInit:  - other features:
LogInit:      CURL_VERSION_SSL
LogInit:      CURL_VERSION_LIBZ
LogInit:      CURL_VERSION_IPV6
LogInit:      CURL_VERSION_ASYNCHDNS
LogInit:      CURL_VERSION_LARGEFILE
LogInit:      CURL_VERSION_IDN
LogInit:  CurlRequestOptions (configurable via config and command line):
LogInit:  - bVerifyPeer = false  - Libcurl will NOT verify peer certificate
LogInit:  - bUseHttpProxy = false  - Libcurl will NOT use HTTP proxy
LogInit:  - bDontReuseConnections = false  - Libcurl will reuse connections
LogInit:  - CertBundlePath = nullptr  - Libcurl will use whatever was configured at build time.
LogInit:  - MaxHostConnections = 16  - Libcurl will limit the number of connections to a host
LogInit:  - LocalHostAddr = Default
LogInit:  - BufferSize = 65536
LogInit: WinSock: version 1.1 (2.2), MaxSocks=32767, MaxUdp=65467
LogInit: Build: ++UE4+Release-4.20-CL-4233996
LogInit: Engine Version: 4.20.1-4233996+++UE4+Release-4.20
LogInit: Compatible Engine Version: 4.20.0-4212847+++UE4+Release-4.20
LogInit: Net CL: 4212847
LogInit: OS: Windows 10 (), CPU: Intel(R) Core(TM) i5-7200U CPU @ 2.50GHz, GPU: Intel(R) HD Graphics 620
LogInit: Compiled (64-bit): Jul 26 2018 10:07:30
LogInit: Compiled with Visual C++: 19.13.26129.00
LogInit: Build Configuration: Development
LogInit: Branch Name: ++UE4+Release-4.20
LogInit: Command Line: 
LogInit: Base Directory: C:/Users/11510763/Documents/UE_4.20/Engine/Binaries/Win64/
LogInit: Installed Engine Build: 1
LogDevObjectVersion: Number of dev versions registered: 20
LogDevObjectVersion:   Dev-Blueprints (B0D832E4-1F89-4F0D-ACCF-7EB736FD4AA2): 10
LogDevObjectVersion:   Dev-Build (E1C64328-A22C-4D53-A36C-8E866417BD8C): 0
LogDevObjectVersion:   Dev-Core (375EC13C-06E4-48FB-B500-84F0262A717E): 2
LogDevObjectVersion:   Dev-Editor (E4B068ED-F494-42E9-A231-DA0B2E46BB41): 24
LogDevObjectVersion:   Dev-Framework (CFFC743F-43B0-4480-9391-14DF171D2073): 34
LogDevObjectVersion:   Dev-Mobile (B02B49B5-BB20-44E9-A304-32B752E40360): 2
LogDevObjectVersion:   Dev-Networking (A4E4105C-59A1-49B5-A7C5-40C4547EDFEE): 0
LogDevObjectVersion:   Dev-Online (39C831C9-5AE6-47DC-9A44-9C173E1C8E7C): 0
LogDevObjectVersion:   Dev-Physics (78F01B33-EBEA-4F98-B9B4-84EACCB95AA2): 0
LogDevObjectVersion:   Dev-Platform (6631380F-2D4D-43E0-8009-CF276956A95A): 0
LogDevObjectVersion:   Dev-Rendering (12F88B9F-8875-4AFC-A67C-D90C383ABD29): 26
LogDevObjectVersion:   Dev-Sequencer (7B5AE74C-D270-4C10-A958-57980B212A5A): 9
LogDevObjectVersion:   Dev-VR (D7296918-1DD6-4BDD-9DE2-64A83CC13884): 2
LogDevObjectVersion:   Dev-LoadTimes (C2A15278-BFE7-4AFE-6C17-90FF531DF755): 1
LogDevObjectVersion:   Private-Geometry (6EACA3D4-40EC-4CC1-B786-8BED09428FC5): 3
LogDevObjectVersion:   Dev-AnimPhys (29E575DD-E0A3-4627-9D10-D276232CDCEA): 17
LogDevObjectVersion:   Dev-ReflectionCapture (6B266CEC-1EC7-4B8F-A30B-E4D90942FC07): 1
LogDevObjectVersion:   Dev-Automation (0DF73D61-A23F-47EA-B727-89E90C41499A): 1
LogDevObjectVersion:   FortniteMain (601D1886-AC64-4F84-AA16-D3DE0DEAC7D6): 12
LogDevObjectVersion:   Dev-Enterprise (9DFFBCD6-494F-0158-E221-12823C92A888): 1
LogStreaming: Display: Took  0.000s to delete old logs.
LogInit: Presizing for max 8388607 objects, including 0 objects not considered by GC, pre-allocating 0 bytes for permanent pool.
LogInit: Object subsystem initialized
[2018.10.02-23.12.10:995][  0]LogInit: Selected Device Profile: [Windows]
[2018.10.02-23.12.10:995][  0]LogInit: Applying CVar settings loaded from the selected device profile: [Windows]
[2018.10.02-23.12.11:035][  0]LogHAL: Display: Platform has ~ 8 GB [8461021184 / 8589934592 / 8], which maps to Default [LargestMinGB=32, LargerMinGB=12, DefaultMinGB=8, SmallerMinGB=6, SmallestMinGB=0)
[2018.10.02-23.12.11:035][  0]LogInit: Setting Device Profile CVar: [[r.Vulkan.UseRealUBs:1]]
[2018.10.02-23.12.11:035][  0]LogInit: Going up to parent DeviceProfile []
[2018.10.02-23.12.11:041][  0]LogInit: Computer: JTNT103
[2018.10.02-23.12.11:041][  0]LogInit: User: 11510763
[2018.10.02-23.12.11:041][  0]LogInit: CPU Page size=4096, Cores=2
[2018.10.02-23.12.11:041][  0]LogInit: High frequency timer resolution =2.648445 MHz
[2018.10.02-23.12.11:042][  0]LogMemory: Memory total: Physical=7.9GB (8GB approx)
[2018.10.02-23.12.11:042][  0]LogMemory: Platform Memory Stats for Windows
[2018.10.02-23.12.11:042][  0]LogMemory: Process Physical Memory: 99.98 MB used, 99.98 MB peak
[2018.10.02-23.12.11:042][  0]LogMemory: Process Virtual Memory: 84.44 MB used, 84.44 MB peak
[2018.10.02-23.12.11:042][  0]LogMemory: Physical Memory: 4267.25 MB used,  3801.80 MB free, 8069.06 MB total
[2018.10.02-23.12.11:042][  0]LogMemory: Virtual Memory: 485.38 MB used,  3801.80 MB free, 134217728.00 MB total
[2018.10.02-23.12.11:074][  0]LogInit: Overriding language with editor language configuration option (en).
[2018.10.02-23.12.11:074][  0]LogInit: Overriding locale with editor locale configuration option (en).
[2018.10.02-23.12.11:506][  0]LogStreaming: Display: Took  0.432s to InitEngineTextLocalization.
[2018.10.02-23.12.11:506][  0]LogInit: Setting process to per monitor DPI aware
[2018.10.02-23.12.11:547][  0]LogSlate: New Slate User Created.  User Index 0, Is Virtual User: 0
[2018.10.02-23.12.11:547][  0]LogSlate: Slate User Registered.  User Index 0, Is Virtual User: 0
[2018.10.02-23.12.12:453][  0]LogHMD: Failed to initialize OpenVR with code 110
[2018.10.02-23.12.12:453][  0]LogD3D11RHI: D3D11 adapters:
[2018.10.02-23.12.12:495][  0]LogD3D11RHI:    0. 'Intel(R) HD Graphics 620' (Feature Level 11_0)
[2018.10.02-23.12.12:495][  0]LogD3D11RHI:       128/0/4034 MB DedicatedVideo/DedicatedSystem/SharedSystem, Outputs:1, VendorId:0x8086
[2018.10.02-23.12.12:496][  0]LogD3D11RHI:    1. 'Microsoft Basic Render Driver' (Feature Level 11_0)
[2018.10.02-23.12.12:496][  0]LogD3D11RHI:       0/0/4034 MB DedicatedVideo/DedicatedSystem/SharedSystem, Outputs:0, VendorId:0x1414
[2018.10.02-23.12.12:496][  0]LogD3D11RHI: Chosen D3D11 Adapter: 0
[2018.10.02-23.12.12:499][  0]LogD3D11RHI: Creating new Direct3DDevice
[2018.10.02-23.12.12:499][  0]LogD3D11RHI:     GPU DeviceId: 0x5916 (for the marketing name, search the web for "GPU Device Id")
[2018.10.02-23.12.12:499][  0]LogWindows: EnumDisplayDevices:
[2018.10.02-23.12.12:500][  0]LogWindows:    0. 'Intel(R) HD Graphics 620' (P:1 D:1)
[2018.10.02-23.12.12:500][  0]LogWindows:    1. 'Intel(R) HD Graphics 620' (P:0 D:0)
[2018.10.02-23.12.12:500][  0]LogWindows:    2. 'Intel(R) HD Graphics 620' (P:0 D:0)
[2018.10.02-23.12.12:500][  0]LogWindows: DebugString: FoundDriverCount:3 
[2018.10.02-23.12.12:500][  0]LogD3D11RHI:     Adapter Name: Intel(R) HD Graphics 620
[2018.10.02-23.12.12:500][  0]LogD3D11RHI:   Driver Version: 23.20.16.4973 (internal:23.20.16.4973, unified:23.20.16.4973)
[2018.10.02-23.12.12:500][  0]LogD3D11RHI:      Driver Date: 2-28-2018
[2018.10.02-23.12.12:500][  0]LogRHI: Texture pool is 1501 MB (70% of 2145 MB)
[2018.10.02-23.12.12:535][  0]LogD3D11RHI: Async texture creation enabled
[2018.10.02-23.12.12:540][  0]LogD3D11RHI: GPU Timing Frequency: 12.000048 (Debug: 2 0)
[2018.10.02-23.12.12:541][  0]LogShaderCompilers: Guid format shader working directory is 14 characters bigger than the processId version (../../../../../Desktop/Flyby-master/Intermediate/Shaders/WorkingDirectory/8696/).
[2018.10.02-23.12.12:541][  0]LogShaderCompilers: Cleaned the shader compiler working directory 'C:/Users/11510763/AppData/Local/Temp/UnrealShaderWorkingDir/DDAE2BC94CD7ED9E9FF5D68EFDCDF3AF/'.
[2018.10.02-23.12.12:831][  0]LogTemp: Display: Loaded TP AllDesktopTargetPlatform
[2018.10.02-23.12.12:844][  0]LogTemp: Display: Loaded TP MacClientTargetPlatform
[2018.10.02-23.12.12:857][  0]LogTemp: Display: Loaded TP MacNoEditorTargetPlatform
[2018.10.02-23.12.12:871][  0]LogTemp: Display: Loaded TP MacServerTargetPlatform
[2018.10.02-23.12.12:886][  0]LogTemp: Display: Loaded TP MacTargetPlatform
[2018.10.02-23.12.12:903][  0]LogTemp: Display: Loaded TP WindowsClientTargetPlatform
[2018.10.02-23.12.12:916][  0]LogTemp: Display: Loaded TP WindowsNoEditorTargetPlatform
[2018.10.02-23.12.12:929][  0]LogTemp: Display: Loaded TP WindowsServerTargetPlatform
[2018.10.02-23.12.12:936][  0]LogTemp: Display: Loaded TP WindowsTargetPlatform
[2018.10.02-23.12.13:021][  0]LogTemp: Display: Loaded TP AndroidTargetPlatform
[2018.10.02-23.12.13:021][  0]LogTemp: Display: Loaded TP AndroidTargetPlatform
[2018.10.02-23.12.13:021][  0]LogTemp: Display: Loaded TP AndroidTargetPlatform
[2018.10.02-23.12.13:021][  0]LogTemp: Display: Loaded TP AndroidTargetPlatform
[2018.10.02-23.12.13:021][  0]LogTemp: Display: Loaded TP AndroidTargetPlatform
[2018.10.02-23.12.13:021][  0]LogTemp: Display: Loaded TP AndroidTargetPlatform
[2018.10.02-23.12.13:021][  0]LogTemp: Display: Loaded TP AndroidTargetPlatform
[2018.10.02-23.12.13:021][  0]LogTemp: Display: Loaded TP AndroidTargetPlatform
[2018.10.02-23.12.13:021][  0]LogTemp: Display: Loaded TP AndroidTargetPlatform
[2018.10.02-23.12.13:021][  0]LogTemp: Display: Loaded TP AndroidTargetPlatform
[2018.10.02-23.12.13:021][  0]LogTemp: Display: Loaded TP AndroidTargetPlatform
[2018.10.02-23.12.13:021][  0]LogTemp: Display: Loaded TP AndroidTargetPlatform
[2018.10.02-23.12.13:021][  0]LogTemp: Display: Loaded TP AndroidTargetPlatform
[2018.10.02-23.12.13:021][  0]LogTemp: Display: Loaded TP AndroidTargetPlatform
[2018.10.02-23.12.13:021][  0]LogTemp: Display: Loaded TP AndroidTargetPlatform
[2018.10.02-23.12.13:021][  0]LogTemp: Display: Loaded TP AndroidTargetPlatform
[2018.10.02-23.12.13:021][  0]LogTemp: Display: Loaded TP AndroidTargetPlatform
[2018.10.02-23.12.13:021][  0]LogTemp: Display: Loaded TP AndroidTargetPlatform
[2018.10.02-23.12.13:022][  0]LogTemp: Display: Loaded TP HTML5TargetPlatform
[2018.10.02-23.12.13:084][  0]LogTemp: Display: Loaded TP IOSTargetPlatform
[2018.10.02-23.12.13:084][  0]LogTemp: Display: Loaded TP IOSTargetPlatform
[2018.10.02-23.12.13:108][  0]LogTemp: Display: Loaded TP TVOSTargetPlatform
[2018.10.02-23.12.13:108][  0]LogTemp: Display: Loaded TP TVOSTargetPlatform
[2018.10.02-23.12.13:120][  0]LogTemp: Display: Loaded TP LinuxClientTargetPlatform
[2018.10.02-23.12.13:132][  0]LogTemp: Display: Loaded TP LinuxNoEditorTargetPlatform
[2018.10.02-23.12.13:144][  0]LogTemp: Display: Loaded TP LinuxServerTargetPlatform
[2018.10.02-23.12.13:161][  0]LogTemp: Display: Loaded TP LinuxTargetPlatform
[2018.10.02-23.12.13:169][  0]LogTemp: Display: Loaded TP LuminTargetPlatform
[2018.10.02-23.12.13:169][  0]LogTargetPlatformManager: Display: Building Assets For Windows
[2018.10.02-23.12.13:221][  0]LogXGEController: Cannot use XGE Controller as Incredibuild is not installed on this machine.
[2018.10.02-23.12.13:221][  0]LogShaderCompilers: Cannot use XGE Shader Compiler as Incredibuild is not installed on this machine.
[2018.10.02-23.12.13:221][  0]LogShaderCompilers: Display: Using Local Shader Compiler.
[2018.10.02-23.12.14:973][  0]LogDerivedDataCache: Display: Max Cache Size: 512 MB
[2018.10.02-23.12.15:027][  0]LogDerivedDataCache: Loaded boot cache 0.05s 71MB C:/Users/11510763/AppData/Local/UnrealEngine/4.20/DerivedDataCache/Boot.ddc.
[2018.10.02-23.12.15:027][  0]LogDerivedDataCache: Display: Loaded Boot cache: C:/Users/11510763/AppData/Local/UnrealEngine/4.20/DerivedDataCache/Boot.ddc
[2018.10.02-23.12.15:027][  0]LogDerivedDataCache: FDerivedDataBackendGraph:  Pak pak cache file ../../../../../Desktop/Flyby-master/DerivedDataCache/DDC.ddp not found, will not use a pak cache.
[2018.10.02-23.12.15:027][  0]LogDerivedDataCache: Unable to find inner node Pak for hierarchical cache Hierarchy.
[2018.10.02-23.12.15:027][  0]LogDerivedDataCache: FDerivedDataBackendGraph:  CompressedPak pak cache file ../../../../../Desktop/Flyby-master/DerivedDataCache/Compressed.ddp not found, will not use a pak cache.
[2018.10.02-23.12.15:027][  0]LogDerivedDataCache: Unable to find inner node CompressedPak for hierarchical cache Hierarchy.
[2018.10.02-23.12.15:045][  0]LogDerivedDataCache: Display: Pak cache opened for reading ../../../Engine/DerivedDataCache/Compressed.ddp.
[2018.10.02-23.12.15:059][  0]LogDerivedDataCache: Using Local data cache path C:/Users/11510763/AppData/Local/UnrealEngine/Common/DerivedDataCache: Writable
[2018.10.02-23.12.15:059][  0]LogDerivedDataCache: Shared data cache path not found in *engine.ini, will not use an Shared cache.
[2018.10.02-23.12.15:059][  0]LogDerivedDataCache: Unable to find inner node Shared for hierarchical cache Hierarchy.
[2018.10.02-23.12.15:078][  0]LogMaterial: Verifying Global Shaders for PCD3D_SM5
[2018.10.02-23.12.15:079][  0]LogSlate: Using FreeType 2.6.0
[2018.10.02-23.12.15:083][  0]LogSlate: SlateFontServices - WITH_FREETYPE: 1, WITH_HARFBUZZ: 1
[2018.10.02-23.12.15:300][  0]LogAssetRegistry: FAssetRegistry took 0.0263 seconds to start up
[2018.10.02-23.12.15:636][  0]LogInit: Selected Device Profile: [Windows]
[2018.10.02-23.12.15:779][  0]LogSimplygon: Simplygon DLL not present - disabling.
[2018.10.02-23.12.15:782][  0]LogMeshReduction: Using SimplygonSwarm for distributed automatic mesh merging
[2018.10.02-23.12.15:782][  0]LogMeshReduction: Using ProxyLODMeshReduction for automatic mesh merging
[2018.10.02-23.12.15:782][  0]LogMeshReduction: Using QuadricMeshReduction for automatic static mesh reduction
[2018.10.02-23.12.15:782][  0]LogMeshReduction: No automatic skeletal mesh reduction module available
[2018.10.02-23.12.15:796][  0]LogNetVersion: Island 1.0.0, NetCL: 4212847, EngineNetVer: 5, GameNetVer: 0 (Checksum: 345394433)
[2018.10.02-23.12.16:307][  0]LogPackageLocalizationCache: Processed 11 localized package path(s) for 1 prioritized culture(s) in 0.068686 seconds
[2018.10.02-23.12.16:313][  0]LogUObjectArray: 38425 objects as part of root set at end of initial load.
[2018.10.02-23.12.16:313][  0]LogUObjectAllocator: 6690872 out of 0 bytes used by permanent object pool.
[2018.10.02-23.12.16:313][  0]LogUObjectArray: CloseDisregardForGC: 0/0 objects in disregard for GC pool
[2018.10.02-23.12.18:954][  0]LogTcpMessaging: Initializing TcpMessaging bridge
[2018.10.02-23.12.18:967][  0]LogUdpMessaging: Initializing bridge on interface 0.0.0.0:0 to multicast group 230.0.0.1:6666.
[2018.10.02-23.12.19:158][  0]SourceControl: Source control is disabled
[2018.10.02-23.12.19:158][  0]SourceControl: Source control is disabled
[2018.10.02-23.12.19:159][  0]SourceControl: Source control is disabled
[2018.10.02-23.12.19:159][  0]SourceControl: Source control is disabled
[2018.10.02-23.12.19:364][  0]LogAndroidPermission: UAndroidPermissionCallbackProxy::GetInstance
[2018.10.02-23.12.19:412][  0]LogOcInput: OculusInput pre-init called
[2018.10.02-23.12.19:493][  0]LogEngine: Initializing Engine...
[2018.10.02-23.12.19:495][  0]LogHMD: Failed to initialize OpenVR with code 110
[2018.10.02-23.12.19:496][  0]LogStats: UGameplayTagsManager::ConstructGameplayTagTree: ImportINI prefixes -  0.000 s
[2018.10.02-23.12.19:496][  0]LogStats: UGameplayTagsManager::ConstructGameplayTagTree: Construct from data asset -  0.000 s
[2018.10.02-23.12.19:496][  0]LogStats: UGameplayTagsManager::ConstructGameplayTagTree: ImportINI -  0.000 s
[2018.10.02-23.12.19:496][  0]LogStats: UGameplayTagsManager::ConstructGameplayTagTree: GameplayTagTreeChangedEvent.Broadcast -  0.000 s
[2018.10.02-23.12.19:768][  0]LogInit: Initializing FReadOnlyCVARCache
[2018.10.02-23.12.19:785][  0]LogAIModule: Creating AISystem for world Untitled
[2018.10.02-23.12.19:808][  0]LogInit: XAudio2 using 'Fones de ouvido / Alto falantes (2- Realtek Audio)' : 2 channels at 48 kHz using 32 bits per sample (channel mask 0x3)
[2018.10.02-23.12.20:996][  0]LogInit: FAudioDevice initialized.
[2018.10.02-23.12.20:997][  0]LogNetVersion: Set ProjectVersion to 1.0.0.0. Version Checksum will be recalculated on next use.
[2018.10.02-23.12.21:212][  0]LogDerivedDataCache: Saved boot cache 0.22s 71MB C:/Users/11510763/AppData/Local/UnrealEngine/4.20/DerivedDataCache/Boot.ddc.
[2018.10.02-23.12.21:220][  0]LogInit: Texture streaming: Enabled
[2018.10.02-23.12.21:238][  0]LogEngineSessionManager: EngineSessionManager initialized
[2018.10.02-23.12.21:250][  0]LogInit: Transaction tracking system initialized
[2018.10.02-23.12.21:269][  0]BlueprintLog: New page: Editor Load
[2018.10.02-23.12.21:340][  0]LocalizationService: Localization service is disabled
[2018.10.02-23.12.21:398][  0]LogLinker: Warning: Can't find file '/Game/FirstPersonBP/FirstPersonOverview'
[2018.10.02-23.12.21:398][  0]LogLinker: Warning: Can't find file '/Game/FirstPersonBP/FirstPersonOverview'
[2018.10.02-23.12.21:398][  0]LogUObjectGlobals: Warning: Failed to find object 'Class /Game/FirstPersonBP/FirstPersonOverview.FirstPersonOverview_C'
[2018.10.02-23.12.21:665][  0]LogCook: Display: Max memory allowance for cook 16384mb min free memory 0mb
[2018.10.02-23.12.21:666][  0]LogCook: Display: Mobile HDR setting 1
[2018.10.02-23.12.21:666][  0]LogGameplayTags: Display: UGameplayTagsManager::DoneAddingNativeTags. DelegateIsBound: 0
[2018.10.02-23.12.21:666][  0]LogStats: UGameplayTagsManager::ConstructGameplayTagTree: ImportINI prefixes -  0.000 s
[2018.10.02-23.12.21:666][  0]LogStats: UGameplayTagsManager::ConstructGameplayTagTree: Construct from data asset -  0.000 s
[2018.10.02-23.12.21:666][  0]LogStats: UGameplayTagsManager::ConstructGameplayTagTree: ImportINI -  0.000 s
[2018.10.02-23.12.21:666][  0]LogStats: UGameplayTagsManager::ConstructGameplayTagTree: GameplayTagTreeChangedEvent.Broadcast -  0.000 s
[2018.10.02-23.12.21:831][  0]LogFileCache: Scanning file cache for directory 'C:/Users/11510763/Desktop/Flyby-master/Content/' took 0.01s
[2018.10.02-23.12.21:831][  0]SourceControl: Source control is disabled
[2018.10.02-23.12.21:831][  0]Cmd: MAP LOAD FILE="../../../../../Desktop/Flyby-master/Content/Island01.umap" TEMPLATE=0 SHOWPROGRESS=1 FEATURELEVEL=3
[2018.10.02-23.12.21:832][  0]LightingResults: New page: Lighting Build
[2018.10.02-23.12.21:834][  0]MapCheck: New page: Map Check
[2018.10.02-23.12.21:834][  0]LightingResults: New page: Lighting Build
[2018.10.02-23.12.22:455][  0]LogAIModule: Creating AISystem for world Island01
[2018.10.02-23.12.22:706][  0]LogEditorServer: Finished looking for orphan Actors (0.000 secs)
[2018.10.02-23.12.22:733][  0]Cmd: MAP CHECKDEP NOCLEARLOG
[2018.10.02-23.12.22:797][  0]MapCheck: Map check complete: 0 Error(s), 0 Warning(s), took 63.492ms to complete.
[2018.10.02-23.12.22:797][  0]LogFileHelpers: Loading map 'Island01' took 0.965
[2018.10.02-23.12.22:850][  0]LogWindowsTextInputMethodSystem: Display: IME system now deactivated.
[2018.10.02-23.12.22:894][  0]LogSlate: Updating window title bar state: overlay mode, drag disabled, window buttons hidden, title bar hidden
[2018.10.02-23.12.22:902][  0]LogSlate: Updating window title bar state: overlay mode, drag disabled, window buttons hidden, title bar hidden
[2018.10.02-23.12.22:910][  0]LogSlate: Updating window title bar state: overlay mode, drag disabled, window buttons hidden, title bar hidden
[2018.10.02-23.12.22:919][  0]LogSlate: Updating window title bar state: overlay mode, drag disabled, window buttons hidden, title bar hidden
[2018.10.02-23.12.22:931][  0]LogCollectionManager: Loaded 0 collections in 0.004282 seconds
[2018.10.02-23.12.22:972][  0]LogFileCache: Scanning file cache for directory 'C:/Users/11510763/Desktop/Flyby-master/Saved/Collections/' took 0.01s
[2018.10.02-23.12.22:972][  0]LogFileCache: Scanning file cache for directory 'C:/Users/11510763/Desktop/Flyby-master/Content/Developers/11510763/Collections/' took 0.01s
[2018.10.02-23.12.22:972][  0]LogFileCache: Scanning file cache for directory 'C:/Users/11510763/Desktop/Flyby-master/Content/Collections/' took 0.01s
[2018.10.02-23.12.22:972][  0]LogCollectionManager: Rebuilt the GUID cache for 0 collections in 0.000000 seconds
[2018.10.02-23.12.22:982][  0]LogContentBrowser: Native class hierarchy populated in 0.0092 seconds. Added 2572 classes and 603 folders.
[2018.10.02-23.12.22:987][  0]LogContentBrowser: Native class hierarchy updated for 'WidgetCarousel' in 0.0002 seconds. Added 0 classes and 0 folders.
[2018.10.02-23.12.23:178][  0]LogContentBrowser: Native class hierarchy updated for 'AddContentDialog' in 0.0002 seconds. Added 0 classes and 0 folders.
[2018.10.02-23.12.23:182][  0]LogContentBrowser: Native class hierarchy updated for 'SceneOutliner' in 0.0003 seconds. Added 1 classes and 2 folders.
[2018.10.02-23.12.23:263][  0]LogSlate: Took 0.001697 seconds to synchronously load lazily loaded font '../../../Engine/Content/Slate/Fonts/Roboto-Regular.ttf' (155K)
[2018.10.02-23.12.23:268][  0]LogSlate: Took 0.002463 seconds to synchronously load lazily loaded font '../../../Engine/Content/Slate/Fonts/Roboto-Bold.ttf' (160K)
[2018.10.02-23.12.23:274][  0]LogSlate: Took 0.001823 seconds to synchronously load lazily loaded font '../../../Engine/Content/Editor/Slate/Fonts/FontAwesome.ttf' (139K)
[2018.10.02-23.12.23:390][  0]LogRenderer: Reallocating scene render targets to support 1280x616 Format 9 NumSamples 1 (Frame:1).
[2018.10.02-23.12.23:550][  0]LogSlate: Took 0.003589 seconds to synchronously load lazily loaded font '../../../Engine/Content/Slate/Fonts/Roboto-Light.ttf' (167K)
[2018.10.02-23.12.23:643][  0]LogContentBrowser: Native class hierarchy updated for 'HierarchicalLODOutliner' in 0.0003 seconds. Added 0 classes and 0 folders.
[2018.10.02-23.12.23:643][  0]LogLoad: (Engine Initialization) Total time: 14.74 seconds
[2018.10.02-23.12.23:643][  0]LogLoad: (Engine Initialization) Total Blueprint compile time: 0.00 seconds
[2018.10.02-23.12.23:688][  0]LogContentStreaming: Texture pool size now 3000 MB
[2018.10.02-23.12.23:733][  1]LogAssetRegistry: Asset discovery search completed in 8.4553 seconds
[2018.10.02-23.12.23:736][  1]LogCollectionManager: Rebuilt the object cache for 0 collections in 0.000001 seconds (found 0 objects)
[2018.10.02-23.12.23:736][  1]LogCollectionManager: Fixed up redirectors for 0 collections in 0.000094 seconds (updated 0 objects)
[2018.10.02-23.13.11:226][586]LogSlate: Took 0.000441 seconds to synchronously load lazily loaded font '../../../Engine/Content/Slate/Fonts/Roboto-Light.ttf' (167K)
[2018.10.02-23.13.11:279][586]LogAssetTools: Warning: Failed to import 'C:\Users\11510763\Downloads\Flyby-master\Content\Airplanes\Spitfife.uasset'. Unknown extension 'uasset'.
[2018.10.02-23.13.46:648][693]LogHttp: Warning: 000002230F07F4C0: request failed, libcurl error: 35 (SSL connect error)
[2018.10.02-23.13.46:648][693]LogHttp: Warning: 000002230F07F4C0: libcurl info message cache 0 (  Trying 52.1.25.9...)
[2018.10.02-23.13.46:648][693]LogHttp: Warning: 000002230F07F4C0: libcurl info message cache 1 (TCP_NODELAY set)
[2018.10.02-23.13.46:648][693]LogHttp: Warning: 000002230F07F4C0: libcurl info message cache 2 (Connected to datarouter.ol.epicgames.com (52.1.25.9) port 443 (#0))
[2018.10.02-23.13.46:648][693]LogHttp: Warning: 000002230F07F4C0: libcurl info message cache 3 (ALPN, offering http/1.1)
[2018.10.02-23.13.46:648][693]LogHttp: Warning: 000002230F07F4C0: libcurl info message cache 4 (Cipher selection: ALL:!EXPORT:!EXPORT40:!EXPORT56:!aNULL:!LOW:!RC4:@STRENGTH)
[2018.10.02-23.13.46:648][693]LogHttp: Warning: 000002230F07F4C0: libcurl info message cache 5 (TLSv1.2 (OUT), TLS header, Certificate Status (22):)
[2018.10.02-23.13.46:648][693]LogHttp: Warning: 000002230F07F4C0: libcurl info message cache 6 (TLSv1.2 (OUT), TLS handshake, Client hello (1):)
[2018.10.02-23.13.46:648][693]LogHttp: Warning: 000002230F07F4C0: libcurl info message cache 7 (OpenSSL SSL_connect: SSL_ERROR_SYSCALL in connection to datarouter.ol.epicgames.com:443 )
[2018.10.02-23.13.46:648][693]LogHttp: Warning: 000002230F07F4C0: libcurl info message cache 8 (Closing connection 0)
[2018.10.02-23.16.08:241][ 80]LogHttp: Warning: 000002230C1F20C0: request failed, libcurl error: 35 (SSL connect error)
[2018.10.02-23.16.08:241][ 80]LogHttp: Warning: 000002230C1F20C0: libcurl info message cache 0 (Hostname in DNS cache was stale, zapped)
[2018.10.02-23.16.08:241][ 80]LogHttp: Warning: 000002230C1F20C0: libcurl info message cache 1 (  Trying 52.203.15.83...)
[2018.10.02-23.16.08:241][ 80]LogHttp: Warning: 000002230C1F20C0: libcurl info message cache 2 (TCP_NODELAY set)
[2018.10.02-23.16.08:241][ 80]LogHttp: Warning: 000002230C1F20C0: libcurl info message cache 3 (Connected to datarouter.ol.epicgames.com (52.203.15.83) port 443 (#1))
[2018.10.02-23.16.08:241][ 80]LogHttp: Warning: 000002230C1F20C0: libcurl info message cache 4 (ALPN, offering http/1.1)
[2018.10.02-23.16.08:241][ 80]LogHttp: Warning: 000002230C1F20C0: libcurl info message cache 5 (Cipher selection: ALL:!EXPORT:!EXPORT40:!EXPORT56:!aNULL:!LOW:!RC4:@STRENGTH)
[2018.10.02-23.16.08:241][ 80]LogHttp: Warning: 000002230C1F20C0: libcurl info message cache 6 (TLSv1.2 (OUT), TLS header, Certificate Status (22):)
[2018.10.02-23.16.08:241][ 80]LogHttp: Warning: 000002230C1F20C0: libcurl info message cache 7 (TLSv1.2 (OUT), TLS handshake, Client hello (1):)
[2018.10.02-23.16.08:241][ 80]LogHttp: Warning: 000002230C1F20C0: libcurl info message cache 8 (OpenSSL SSL_connect: SSL_ERROR_SYSCALL in connection to datarouter.ol.epicgames.com:443 )
[2018.10.02-23.16.08:241][ 80]LogHttp: Warning: 000002230C1F20C0: libcurl info message cache 9 (Closing connection 1)
[2018.10.02-23.18.37:326][138]LogHttp: Warning: 000002230C1F16C0: request failed, libcurl error: 35 (SSL connect error)
[2018.10.02-23.18.37:327][138]LogHttp: Warning: 000002230C1F16C0: libcurl info message cache 0 (Hostname in DNS cache was stale, zapped)
[2018.10.02-23.18.37:327][138]LogHttp: Warning: 000002230C1F16C0: libcurl info message cache 1 (  Trying 52.2.250.239...)
[2018.10.02-23.18.37:327][138]LogHttp: Warning: 000002230C1F16C0: libcurl info message cache 2 (TCP_NODELAY set)
[2018.10.02-23.18.37:327][138]LogHttp: Warning: 000002230C1F16C0: libcurl info message cache 3 (Connected to datarouter.ol.epicgames.com (52.2.250.239) port 443 (#2))
[2018.10.02-23.18.37:327][138]LogHttp: Warning: 000002230C1F16C0: libcurl info message cache 4 (ALPN, offering http/1.1)
[2018.10.02-23.18.37:327][138]LogHttp: Warning: 000002230C1F16C0: libcurl info message cache 5 (Cipher selection: ALL:!EXPORT:!EXPORT40:!EXPORT56:!aNULL:!LOW:!RC4:@STRENGTH)
[2018.10.02-23.18.37:327][138]LogHttp: Warning: 000002230C1F16C0: libcurl info message cache 6 (TLSv1.2 (OUT), TLS header, Certificate Status (22):)
[2018.10.02-23.18.37:327][138]LogHttp: Warning: 000002230C1F16C0: libcurl info message cache 7 (TLSv1.2 (OUT), TLS handshake, Client hello (1):)
[2018.10.02-23.18.37:327][138]LogHttp: Warning: 000002230C1F16C0: libcurl info message cache 8 (OpenSSL SSL_connect: SSL_ERROR_SYSCALL in connection to datarouter.ol.epicgames.com:443 )
[2018.10.02-23.18.37:327][138]LogHttp: Warning: 000002230C1F16C0: libcurl info message cache 9 (Closing connection 2)
[2018.10.02-23.20.59:227][653]LogHttp: Warning: 000002230C1F2200: request failed, libcurl error: 35 (SSL connect error)
[2018.10.02-23.20.59:228][653]LogHttp: Warning: 000002230C1F2200: libcurl info message cache 0 (Hostname in DNS cache was stale, zapped)
[2018.10.02-23.20.59:228][653]LogHttp: Warning: 000002230C1F2200: libcurl info message cache 1 (  Trying 34.202.96.104...)
[2018.10.02-23.20.59:228][653]LogHttp: Warning: 000002230C1F2200: libcurl info message cache 2 (TCP_NODELAY set)
[2018.10.02-23.20.59:228][653]LogHttp: Warning: 000002230C1F2200: libcurl info message cache 3 (Connected to datarouter.ol.epicgames.com (34.202.96.104) port 443 (#3))
[2018.10.02-23.20.59:228][653]LogHttp: Warning: 000002230C1F2200: libcurl info message cache 4 (ALPN, offering http/1.1)
[2018.10.02-23.20.59:229][653]LogHttp: Warning: 000002230C1F2200: libcurl info message cache 5 (Cipher selection: ALL:!EXPORT:!EXPORT40:!EXPORT56:!aNULL:!LOW:!RC4:@STRENGTH)
[2018.10.02-23.20.59:229][653]LogHttp: Warning: 000002230C1F2200: libcurl info message cache 6 (TLSv1.2 (OUT), TLS header, Certificate Status (22):)
[2018.10.02-23.20.59:229][653]LogHttp: Warning: 000002230C1F2200: libcurl info message cache 7 (TLSv1.2 (OUT), TLS handshake, Client hello (1):)
[2018.10.02-23.20.59:229][653]LogHttp: Warning: 000002230C1F2200: libcurl info message cache 8 (OpenSSL SSL_connect: SSL_ERROR_SYSCALL in connection to datarouter.ol.epicgames.com:443 )
[2018.10.02-23.20.59:229][653]LogHttp: Warning: 000002230C1F2200: libcurl info message cache 9 (Closing connection 3)
[2018.10.02-23.23.20:954][ 76]LogHttp: Warning: 000002230C1F2200: request failed, libcurl error: 35 (SSL connect error)
[2018.10.02-23.23.20:954][ 76]LogHttp: Warning: 000002230C1F2200: libcurl info message cache 0 (Hostname in DNS cache was stale, zapped)
[2018.10.02-23.23.20:954][ 76]LogHttp: Warning: 000002230C1F2200: libcurl info message cache 1 (  Trying 34.206.255.118...)
[2018.10.02-23.23.20:954][ 76]LogHttp: Warning: 000002230C1F2200: libcurl info message cache 2 (TCP_NODELAY set)
[2018.10.02-23.23.20:954][ 76]LogHttp: Warning: 000002230C1F2200: libcurl info message cache 3 (Connected to datarouter.ol.epicgames.com (34.206.255.118) port 443 (#4))
[2018.10.02-23.23.20:954][ 76]LogHttp: Warning: 000002230C1F2200: libcurl info message cache 4 (ALPN, offering http/1.1)
[2018.10.02-23.23.20:954][ 76]LogHttp: Warning: 000002230C1F2200: libcurl info message cache 5 (Cipher selection: ALL:!EXPORT:!EXPORT40:!EXPORT56:!aNULL:!LOW:!RC4:@STRENGTH)
[2018.10.02-23.23.20:954][ 76]LogHttp: Warning: 000002230C1F2200: libcurl info message cache 6 (TLSv1.2 (OUT), TLS header, Certificate Status (22):)
[2018.10.02-23.23.20:954][ 76]LogHttp: Warning: 000002230C1F2200: libcurl info message cache 7 (TLSv1.2 (OUT), TLS handshake, Client hello (1):)
[2018.10.02-23.23.20:954][ 76]LogHttp: Warning: 000002230C1F2200: libcurl info message cache 8 (OpenSSL SSL_connect: SSL_ERROR_SYSCALL in connection to datarouter.ol.epicgames.com:443 )
[2018.10.02-23.23.20:954][ 76]LogHttp: Warning: 000002230C1F2200: libcurl info message cache 9 (Closing connection 4)
[2018.10.02-23.25.49:843][521]LogHttp: Warning: 000002230C1F2200: request failed, libcurl error: 35 (SSL connect error)
[2018.10.02-23.25.49:843][521]LogHttp: Warning: 000002230C1F2200: libcurl info message cache 0 (Hostname in DNS cache was stale, zapped)
[2018.10.02-23.25.49:843][521]LogHttp: Warning: 000002230C1F2200: libcurl info message cache 1 (  Trying 35.172.157.112...)
[2018.10.02-23.25.49:843][521]LogHttp: Warning: 000002230C1F2200: libcurl info message cache 2 (TCP_NODELAY set)
[2018.10.02-23.25.49:843][521]LogHttp: Warning: 000002230C1F2200: libcurl info message cache 3 (Connected to datarouter.ol.epicgames.com (35.172.157.112) port 443 (#5))
[2018.10.02-23.25.49:844][521]LogHttp: Warning: 000002230C1F2200: libcurl info message cache 4 (ALPN, offering http/1.1)
[2018.10.02-23.25.49:844][521]LogHttp: Warning: 000002230C1F2200: libcurl info message cache 5 (Cipher selection: ALL:!EXPORT:!EXPORT40:!EXPORT56:!aNULL:!LOW:!RC4:@STRENGTH)
[2018.10.02-23.25.49:844][521]LogHttp: Warning: 000002230C1F2200: libcurl info message cache 6 (TLSv1.2 (OUT), TLS header, Certificate Status (22):)
[2018.10.02-23.25.49:844][521]LogHttp: Warning: 000002230C1F2200: libcurl info message cache 7 (TLSv1.2 (OUT), TLS handshake, Client hello (1):)
[2018.10.02-23.25.49:844][521]LogHttp: Warning: 000002230C1F2200: libcurl info message cache 8 (OpenSSL SSL_connect: SSL_ERROR_SYSCALL in connection to datarouter.ol.epicgames.com:443 )
[2018.10.02-23.25.49:844][521]LogHttp: Warning: 000002230C1F2200: libcurl info message cache 9 (Closing connection 5)
[2018.10.02-23.28.11:586][944]LogHttp: Warning: 000002230C1F2200: request failed, libcurl error: 35 (SSL connect error)
[2018.10.02-23.28.11:586][944]LogHttp: Warning: 000002230C1F2200: libcurl info message cache 0 (Hostname in DNS cache was stale, zapped)
[2018.10.02-23.28.11:586][944]LogHttp: Warning: 000002230C1F2200: libcurl info message cache 1 (  Trying 52.1.25.9...)
[2018.10.02-23.28.11:586][944]LogHttp: Warning: 000002230C1F2200: libcurl info message cache 2 (TCP_NODELAY set)
[2018.10.02-23.28.11:586][944]LogHttp: Warning: 000002230C1F2200: libcurl info message cache 3 (Connected to datarouter.ol.epicgames.com (52.1.25.9) port 443 (#6))
[2018.10.02-23.28.11:586][944]LogHttp: Warning: 000002230C1F2200: libcurl info message cache 4 (ALPN, offering http/1.1)
[2018.10.02-23.28.11:586][944]LogHttp: Warning: 000002230C1F2200: libcurl info message cache 5 (Cipher selection: ALL:!EXPORT:!EXPORT40:!EXPORT56:!aNULL:!LOW:!RC4:@STRENGTH)
[2018.10.02-23.28.11:586][944]LogHttp: Warning: 000002230C1F2200: libcurl info message cache 6 (TLSv1.2 (OUT), TLS header, Certificate Status (22):)
[2018.10.02-23.28.11:587][944]LogHttp: Warning: 000002230C1F2200: libcurl info message cache 7 (TLSv1.2 (OUT), TLS handshake, Client hello (1):)
[2018.10.02-23.28.11:587][944]LogHttp: Warning: 000002230C1F2200: libcurl info message cache 8 (OpenSSL SSL_connect: SSL_ERROR_SYSCALL in connection to datarouter.ol.epicgames.com:443 )
[2018.10.02-23.28.11:587][944]LogHttp: Warning: 000002230C1F2200: libcurl info message cache 9 (Closing connection 6)
[2018.10.02-23.30.33:274][367]LogHttp: Warning: 000002230C1F2200: request failed, libcurl error: 35 (SSL connect error)
[2018.10.02-23.30.33:274][367]LogHttp: Warning: 000002230C1F2200: libcurl info message cache 0 (Hostname in DNS cache was stale, zapped)
[2018.10.02-23.30.33:275][367]LogHttp: Warning: 000002230C1F2200: libcurl info message cache 1 (  Trying 35.173.61.154...)
[2018.10.02-23.30.33:275][367]LogHttp: Warning: 000002230C1F2200: libcurl info message cache 2 (TCP_NODELAY set)
[2018.10.02-23.30.33:275][367]LogHttp: Warning: 000002230C1F2200: libcurl info message cache 3 (Connected to datarouter.ol.epicgames.com (35.173.61.154) port 443 (#7))
[2018.10.02-23.30.33:275][367]LogHttp: Warning: 000002230C1F2200: libcurl info message cache 4 (ALPN, offering http/1.1)
[2018.10.02-23.30.33:275][367]LogHttp: Warning: 000002230C1F2200: libcurl info message cache 5 (Cipher selection: ALL:!EXPORT:!EXPORT40:!EXPORT56:!aNULL:!LOW:!RC4:@STRENGTH)
[2018.10.02-23.30.33:275][367]LogHttp: Warning: 000002230C1F2200: libcurl info message cache 6 (TLSv1.2 (OUT), TLS header, Certificate Status (22):)
[2018.10.02-23.30.33:275][367]LogHttp: Warning: 000002230C1F2200: libcurl info message cache 7 (TLSv1.2 (OUT), TLS handshake, Client hello (1):)
[2018.10.02-23.30.33:275][367]LogHttp: Warning: 000002230C1F2200: libcurl info message cache 8 (OpenSSL SSL_connect: SSL_ERROR_SYSCALL in connection to datarouter.ol.epicgames.com:443 )
[2018.10.02-23.30.33:275][367]LogHttp: Warning: 000002230C1F2200: libcurl info message cache 9 (Closing connection 7)
[2018.10.02-23.33.02:336][812]LogHttp: Warning: 000002230C1F2200: request failed, libcurl error: 35 (SSL connect error)
[2018.10.02-23.33.02:336][812]LogHttp: Warning: 000002230C1F2200: libcurl info message cache 0 (Hostname in DNS cache was stale, zapped)
[2018.10.02-23.33.02:336][812]LogHttp: Warning: 000002230C1F2200: libcurl info message cache 1 (  Trying 34.206.232.16...)
[2018.10.02-23.33.02:336][812]LogHttp: Warning: 000002230C1F2200: libcurl info message cache 2 (TCP_NODELAY set)
[2018.10.02-23.33.02:336][812]LogHttp: Warning: 000002230C1F2200: libcurl info message cache 3 (Connected to datarouter.ol.epicgames.com (34.206.232.16) port 443 (#8))
[2018.10.02-23.33.02:336][812]LogHttp: Warning: 000002230C1F2200: libcurl info message cache 4 (ALPN, offering http/1.1)
[2018.10.02-23.33.02:336][812]LogHttp: Warning: 000002230C1F2200: libcurl info message cache 5 (Cipher selection: ALL:!EXPORT:!EXPORT40:!EXPORT56:!aNULL:!LOW:!RC4:@STRENGTH)
[2018.10.02-23.33.02:336][812]LogHttp: Warning: 000002230C1F2200: libcurl info message cache 6 (TLSv1.2 (OUT), TLS header, Certificate Status (22):)
[2018.10.02-23.33.02:336][812]LogHttp: Warning: 000002230C1F2200: libcurl info message cache 7 (TLSv1.2 (OUT), TLS handshake, Client hello (1):)
[2018.10.02-23.33.02:336][812]LogHttp: Warning: 000002230C1F2200: libcurl info message cache 8 (OpenSSL SSL_connect: SSL_ERROR_SYSCALL in connection to datarouter.ol.epicgames.com:443 )
[2018.10.02-23.33.02:336][812]LogHttp: Warning: 000002230C1F2200: libcurl info message cache 9 (Closing connection 8)
[2018.10.02-23.35.24:024][235]LogHttp: Warning: 0000022321919F80: request failed, libcurl error: 35 (SSL connect error)
[2018.10.02-23.35.24:024][235]LogHttp: Warning: 0000022321919F80: libcurl info message cache 0 (Hostname in DNS cache was stale, zapped)
[2018.10.02-23.35.24:024][235]LogHttp: Warning: 0000022321919F80: libcurl info message cache 1 (  Trying 34.233.223.249...)
[2018.10.02-23.35.24:024][235]LogHttp: Warning: 0000022321919F80: libcurl info message cache 2 (TCP_NODELAY set)
[2018.10.02-23.35.24:024][235]LogHttp: Warning: 0000022321919F80: libcurl info message cache 3 (Connected to datarouter.ol.epicgames.com (34.233.223.249) port 443 (#9))
[2018.10.02-23.35.24:024][235]LogHttp: Warning: 0000022321919F80: libcurl info message cache 4 (ALPN, offering http/1.1)
[2018.10.02-23.35.24:024][235]LogHttp: Warning: 0000022321919F80: libcurl info message cache 5 (Cipher selection: ALL:!EXPORT:!EXPORT40:!EXPORT56:!aNULL:!LOW:!RC4:@STRENGTH)
[2018.10.02-23.35.24:024][235]LogHttp: Warning: 0000022321919F80: libcurl info message cache 6 (TLSv1.2 (OUT), TLS header, Certificate Status (22):)
[2018.10.02-23.35.24:024][235]LogHttp: Warning: 0000022321919F80: libcurl info message cache 7 (TLSv1.2 (OUT), TLS handshake, Client hello (1):)
[2018.10.02-23.35.24:024][235]LogHttp: Warning: 0000022321919F80: libcurl info message cache 8 (OpenSSL SSL_connect: SSL_ERROR_SYSCALL in connection to datarouter.ol.epicgames.com:443 )
[2018.10.02-23.35.24:024][235]LogHttp: Warning: 0000022321919F80: libcurl info message cache 9 (Closing connection 9)
[2018.10.02-23.37.45:723][658]LogHttp: Warning: 0000022321919F80: request failed, libcurl error: 35 (SSL connect error)
[2018.10.02-23.37.45:723][658]LogHttp: Warning: 0000022321919F80: libcurl info message cache 0 (Hostname in DNS cache was stale, zapped)
[2018.10.02-23.37.45:723][658]LogHttp: Warning: 0000022321919F80: libcurl info message cache 1 (  Trying 52.22.116.109...)
[2018.10.02-23.37.45:723][658]LogHttp: Warning: 0000022321919F80: libcurl info message cache 2 (TCP_NODELAY set)
[2018.10.02-23.37.45:723][658]LogHttp: Warning: 0000022321919F80: libcurl info message cache 3 (Connected to datarouter.ol.epicgames.com (52.22.116.109) port 443 (#10))
[2018.10.02-23.37.45:723][658]LogHttp: Warning: 0000022321919F80: libcurl info message cache 4 (ALPN, offering http/1.1)
[2018.10.02-23.37.45:723][658]LogHttp: Warning: 0000022321919F80: libcurl info message cache 5 (Cipher selection: ALL:!EXPORT:!EXPORT40:!EXPORT56:!aNULL:!LOW:!RC4:@STRENGTH)
[2018.10.02-23.37.45:723][658]LogHttp: Warning: 0000022321919F80: libcurl info message cache 6 (TLSv1.2 (OUT), TLS header, Certificate Status (22):)
[2018.10.02-23.37.45:723][658]LogHttp: Warning: 0000022321919F80: libcurl info message cache 7 (TLSv1.2 (OUT), TLS handshake, Client hello (1):)
[2018.10.02-23.37.45:723][658]LogHttp: Warning: 0000022321919F80: libcurl info message cache 8 (OpenSSL SSL_connect: SSL_ERROR_SYSCALL in connection to datarouter.ol.epicgames.com:443 )
[2018.10.02-23.37.45:723][658]LogHttp: Warning: 0000022321919F80: libcurl info message cache 9 (Closing connection 10)
[2018.10.02-23.40.14:803][103]LogHttp: Warning: 0000022321919F80: request failed, libcurl error: 35 (SSL connect error)
[2018.10.02-23.40.14:803][103]LogHttp: Warning: 0000022321919F80: libcurl info message cache 0 (Hostname in DNS cache was stale, zapped)
[2018.10.02-23.40.14:803][103]LogHttp: Warning: 0000022321919F80: libcurl info message cache 1 (  Trying 52.4.186.227...)
[2018.10.02-23.40.14:803][103]LogHttp: Warning: 0000022321919F80: libcurl info message cache 2 (TCP_NODELAY set)
[2018.10.02-23.40.14:803][103]LogHttp: Warning: 0000022321919F80: libcurl info message cache 3 (Connected to datarouter.ol.epicgames.com (52.4.186.227) port 443 (#11))
[2018.10.02-23.40.14:803][103]LogHttp: Warning: 0000022321919F80: libcurl info message cache 4 (ALPN, offering http/1.1)
[2018.10.02-23.40.14:803][103]LogHttp: Warning: 0000022321919F80: libcurl info message cache 5 (Cipher selection: ALL:!EXPORT:!EXPORT40:!EXPORT56:!aNULL:!LOW:!RC4:@STRENGTH)
[2018.10.02-23.40.14:804][103]LogHttp: Warning: 0000022321919F80: libcurl info message cache 6 (TLSv1.2 (OUT), TLS header, Certificate Status (22):)
[2018.10.02-23.40.14:804][103]LogHttp: Warning: 0000022321919F80: libcurl info message cache 7 (TLSv1.2 (OUT), TLS handshake, Client hello (1):)
[2018.10.02-23.40.14:804][103]LogHttp: Warning: 0000022321919F80: libcurl info message cache 8 (OpenSSL SSL_connect: SSL_ERROR_SYSCALL in connection to datarouter.ol.epicgames.com:443 )
[2018.10.02-23.40.14:804][103]LogHttp: Warning: 0000022321919F80: libcurl info message cache 9 (Closing connection 11)
[2018.10.02-23.42.43:835][548]LogHttp: Warning: 0000022321919F80: request failed, libcurl error: 35 (SSL connect error)
[2018.10.02-23.42.43:835][548]LogHttp: Warning: 0000022321919F80: libcurl info message cache 0 (Hostname in DNS cache was stale, zapped)
[2018.10.02-23.42.43:835][548]LogHttp: Warning: 0000022321919F80: libcurl info message cache 1 (  Trying 52.4.186.227...)
[2018.10.02-23.42.43:835][548]LogHttp: Warning: 0000022321919F80: libcurl info message cache 2 (TCP_NODELAY set)
[2018.10.02-23.42.43:835][548]LogHttp: Warning: 0000022321919F80: libcurl info message cache 3 (Connected to datarouter.ol.epicgames.com (52.4.186.227) port 443 (#12))
[2018.10.02-23.42.43:835][548]LogHttp: Warning: 0000022321919F80: libcurl info message cache 4 (ALPN, offering http/1.1)
[2018.10.02-23.42.43:835][548]LogHttp: Warning: 0000022321919F80: libcurl info message cache 5 (Cipher selection: ALL:!EXPORT:!EXPORT40:!EXPORT56:!aNULL:!LOW:!RC4:@STRENGTH)
[2018.10.02-23.42.43:835][548]LogHttp: Warning: 0000022321919F80: libcurl info message cache 6 (TLSv1.2 (OUT), TLS header, Certificate Status (22):)
[2018.10.02-23.42.43:835][548]LogHttp: Warning: 0000022321919F80: libcurl info message cache 7 (TLSv1.2 (OUT), TLS handshake, Client hello (1):)
[2018.10.02-23.42.43:835][548]LogHttp: Warning: 0000022321919F80: libcurl info message cache 8 (OpenSSL SSL_connect: SSL_ERROR_SYSCALL in connection to datarouter.ol.epicgames.com:443 )
[2018.10.02-23.42.43:835][548]LogHttp: Warning: 0000022321919F80: libcurl info message cache 9 (Closing connection 12)
[2018.10.02-23.45.12:631][992]LogHttp: Warning: 0000022321919F80: request failed, libcurl error: 35 (SSL connect error)
[2018.10.02-23.45.12:631][992]LogHttp: Warning: 0000022321919F80: libcurl info message cache 0 (Hostname in DNS cache was stale, zapped)
[2018.10.02-23.45.12:631][992]LogHttp: Warning: 0000022321919F80: libcurl info message cache 1 (  Trying 35.153.13.89...)
[2018.10.02-23.45.12:631][992]LogHttp: Warning: 0000022321919F80: libcurl info message cache 2 (TCP_NODELAY set)
[2018.10.02-23.45.12:631][992]LogHttp: Warning: 0000022321919F80: libcurl info message cache 3 (Connected to datarouter.ol.epicgames.com (35.153.13.89) port 443 (#13))
[2018.10.02-23.45.12:631][992]LogHttp: Warning: 0000022321919F80: libcurl info message cache 4 (ALPN, offering http/1.1)
[2018.10.02-23.45.12:631][992]LogHttp: Warning: 0000022321919F80: libcurl info message cache 5 (Cipher selection: ALL:!EXPORT:!EXPORT40:!EXPORT56:!aNULL:!LOW:!RC4:@STRENGTH)
[2018.10.02-23.45.12:631][992]LogHttp: Warning: 0000022321919F80: libcurl info message cache 6 (TLSv1.2 (OUT), TLS header, Certificate Status (22):)
[2018.10.02-23.45.12:631][992]LogHttp: Warning: 0000022321919F80: libcurl info message cache 7 (TLSv1.2 (OUT), TLS handshake, Client hello (1):)
[2018.10.02-23.45.12:631][992]LogHttp: Warning: 0000022321919F80: libcurl info message cache 8 (OpenSSL SSL_connect: SSL_ERROR_SYSCALL in connection to datarouter.ol.epicgames.com:443 )
[2018.10.02-23.45.12:631][992]LogHttp: Warning: 0000022321919F80: libcurl info message cache 9 (Closing connection 13)
[2018.10.02-23.47.41:687][437]LogHttp: Warning: 0000022321919F80: request failed, libcurl error: 35 (SSL connect error)
[2018.10.02-23.47.41:687][437]LogHttp: Warning: 0000022321919F80: libcurl info message cache 0 (Hostname in DNS cache was stale, zapped)
[2018.10.02-23.47.41:687][437]LogHttp: Warning: 0000022321919F80: libcurl info message cache 1 (  Trying 34.196.247.127...)
[2018.10.02-23.47.41:687][437]LogHttp: Warning: 0000022321919F80: libcurl info message cache 2 (TCP_NODELAY set)
[2018.10.02-23.47.41:687][437]LogHttp: Warning: 0000022321919F80: libcurl info message cache 3 (Connected to datarouter.ol.epicgames.com (34.196.247.127) port 443 (#14))
[2018.10.02-23.47.41:688][437]LogHttp: Warning: 0000022321919F80: libcurl info message cache 4 (ALPN, offering http/1.1)
[2018.10.02-23.47.41:688][437]LogHttp: Warning: 0000022321919F80: libcurl info message cache 5 (Cipher selection: ALL:!EXPORT:!EXPORT40:!EXPORT56:!aNULL:!LOW:!RC4:@STRENGTH)
[2018.10.02-23.47.41:688][437]LogHttp: Warning: 0000022321919F80: libcurl info message cache 6 (TLSv1.2 (OUT), TLS header, Certificate Status (22):)
[2018.10.02-23.47.41:688][437]LogHttp: Warning: 0000022321919F80: libcurl info message cache 7 (TLSv1.2 (OUT), TLS handshake, Client hello (1):)
[2018.10.02-23.47.41:688][437]LogHttp: Warning: 0000022321919F80: libcurl info message cache 8 (OpenSSL SSL_connect: SSL_ERROR_SYSCALL in connection to datarouter.ol.epicgames.com:443 )
[2018.10.02-23.47.41:688][437]LogHttp: Warning: 0000022321919F80: libcurl info message cache 9 (Closing connection 14)
[2018.10.02-23.50.03:714][861]LogHttp: Warning: 0000022321919F80: request failed, libcurl error: 35 (SSL connect error)
[2018.10.02-23.50.03:714][861]LogHttp: Warning: 0000022321919F80: libcurl info message cache 0 (Hostname in DNS cache was stale, zapped)
[2018.10.02-23.50.03:714][861]LogHttp: Warning: 0000022321919F80: libcurl info message cache 1 (  Trying 34.236.247.226...)
[2018.10.02-23.50.03:714][861]LogHttp: Warning: 0000022321919F80: libcurl info message cache 2 (TCP_NODELAY set)
[2018.10.02-23.50.03:715][861]LogHttp: Warning: 0000022321919F80: libcurl info message cache 3 (Connected to datarouter.ol.epicgames.com (34.236.247.226) port 443 (#15))
[2018.10.02-23.50.03:715][861]LogHttp: Warning: 0000022321919F80: libcurl info message cache 4 (ALPN, offering http/1.1)
[2018.10.02-23.50.03:715][861]LogHttp: Warning: 0000022321919F80: libcurl info message cache 5 (Cipher selection: ALL:!EXPORT:!EXPORT40:!EXPORT56:!aNULL:!LOW:!RC4:@STRENGTH)
[2018.10.02-23.50.03:715][861]LogHttp: Warning: 0000022321919F80: libcurl info message cache 6 (TLSv1.2 (OUT), TLS header, Certificate Status (22):)
[2018.10.02-23.50.03:715][861]LogHttp: Warning: 0000022321919F80: libcurl info message cache 7 (TLSv1.2 (OUT), TLS handshake, Client hello (1):)
[2018.10.02-23.50.03:715][861]LogHttp: Warning: 0000022321919F80: libcurl info message cache 8 (OpenSSL SSL_connect: SSL_ERROR_SYSCALL in connection to datarouter.ol.epicgames.com:443 )
[2018.10.02-23.50.03:715][861]LogHttp: Warning: 0000022321919F80: libcurl info message cache 9 (Closing connection 15)
[2018.10.02-23.52.25:436][284]LogHttp: Warning: 0000022321919F80: request failed, libcurl error: 35 (SSL connect error)
[2018.10.02-23.52.25:436][284]LogHttp: Warning: 0000022321919F80: libcurl info message cache 0 (Hostname in DNS cache was stale, zapped)
[2018.10.02-23.52.25:436][284]LogHttp: Warning: 0000022321919F80: libcurl info message cache 1 (  Trying 52.205.158.236...)
[2018.10.02-23.52.25:436][284]LogHttp: Warning: 0000022321919F80: libcurl info message cache 2 (TCP_NODELAY set)
[2018.10.02-23.52.25:436][284]LogHttp: Warning: 0000022321919F80: libcurl info message cache 3 (Connected to datarouter.ol.epicgames.com (52.205.158.236) port 443 (#16))
[2018.10.02-23.52.25:436][284]LogHttp: Warning: 0000022321919F80: libcurl info message cache 4 (ALPN, offering http/1.1)
[2018.10.02-23.52.25:436][284]LogHttp: Warning: 0000022321919F80: libcurl info message cache 5 (Cipher selection: ALL:!EXPORT:!EXPORT40:!EXPORT56:!aNULL:!LOW:!RC4:@STRENGTH)
[2018.10.02-23.52.25:436][284]LogHttp: Warning: 0000022321919F80: libcurl info message cache 6 (TLSv1.2 (OUT), TLS header, Certificate Status (22):)
[2018.10.02-23.52.25:436][284]LogHttp: Warning: 0000022321919F80: libcurl info message cache 7 (TLSv1.2 (OUT), TLS handshake, Client hello (1):)
[2018.10.02-23.52.25:436][284]LogHttp: Warning: 0000022321919F80: libcurl info message cache 8 (OpenSSL SSL_connect: SSL_ERROR_SYSCALL in connection to datarouter.ol.epicgames.com:443 )
[2018.10.02-23.52.25:436][284]LogHttp: Warning: 0000022321919F80: libcurl info message cache 9 (Closing connection 16)
[2018.10.02-23.54.54:470][729]LogHttp: Warning: 0000022321919F80: request failed, libcurl error: 35 (SSL connect error)
[2018.10.02-23.54.54:470][729]LogHttp: Warning: 0000022321919F80: libcurl info message cache 0 (Hostname in DNS cache was stale, zapped)
[2018.10.02-23.54.54:470][729]LogHttp: Warning: 0000022321919F80: libcurl info message cache 1 (  Trying 34.206.232.16...)
[2018.10.02-23.54.54:470][729]LogHttp: Warning: 0000022321919F80: libcurl info message cache 2 (TCP_NODELAY set)
[2018.10.02-23.54.54:471][729]LogHttp: Warning: 0000022321919F80: libcurl info message cache 3 (Connected to datarouter.ol.epicgames.com (34.206.232.16) port 443 (#17))
[2018.10.02-23.54.54:471][729]LogHttp: Warning: 0000022321919F80: libcurl info message cache 4 (ALPN, offering http/1.1)
[2018.10.02-23.54.54:471][729]LogHttp: Warning: 0000022321919F80: libcurl info message cache 5 (Cipher selection: ALL:!EXPORT:!EXPORT40:!EXPORT56:!aNULL:!LOW:!RC4:@STRENGTH)
[2018.10.02-23.54.54:471][729]LogHttp: Warning: 0000022321919F80: libcurl info message cache 6 (TLSv1.2 (OUT), TLS header, Certificate Status (22):)
[2018.10.02-23.54.54:471][729]LogHttp: Warning: 0000022321919F80: libcurl info message cache 7 (TLSv1.2 (OUT), TLS handshake, Client hello (1):)
[2018.10.02-23.54.54:471][729]LogHttp: Warning: 0000022321919F80: libcurl info message cache 8 (OpenSSL SSL_connect: SSL_ERROR_SYSCALL in connection to datarouter.ol.epicgames.com:443 )
[2018.10.02-23.54.54:471][729]LogHttp: Warning: 0000022321919F80: libcurl info message cache 9 (Closing connection 17)
[2018.10.02-23.57.23:582][174]LogHttp: Warning: 000002232266FEC0: request failed, libcurl error: 35 (SSL connect error)
[2018.10.02-23.57.23:582][174]LogHttp: Warning: 000002232266FEC0: libcurl info message cache 0 (Hostname in DNS cache was stale, zapped)
[2018.10.02-23.57.23:582][174]LogHttp: Warning: 000002232266FEC0: libcurl info message cache 1 (  Trying 34.201.203.98...)
[2018.10.02-23.57.23:582][174]LogHttp: Warning: 000002232266FEC0: libcurl info message cache 2 (TCP_NODELAY set)
[2018.10.02-23.57.23:582][174]LogHttp: Warning: 000002232266FEC0: libcurl info message cache 3 (Connected to datarouter.ol.epicgames.com (34.201.203.98) port 443 (#18))
[2018.10.02-23.57.23:583][174]LogHttp: Warning: 000002232266FEC0: libcurl info message cache 4 (ALPN, offering http/1.1)
[2018.10.02-23.57.23:583][174]LogHttp: Warning: 000002232266FEC0: libcurl info message cache 5 (Cipher selection: ALL:!EXPORT:!EXPORT40:!EXPORT56:!aNULL:!LOW:!RC4:@STRENGTH)
[2018.10.02-23.57.23:583][174]LogHttp: Warning: 000002232266FEC0: libcurl info message cache 6 (TLSv1.2 (OUT), TLS header, Certificate Status (22):)
[2018.10.02-23.57.23:583][174]LogHttp: Warning: 000002232266FEC0: libcurl info message cache 7 (TLSv1.2 (OUT), TLS handshake, Client hello (1):)
[2018.10.02-23.57.23:583][174]LogHttp: Warning: 000002232266FEC0: libcurl info message cache 8 (OpenSSL SSL_connect: SSL_ERROR_SYSCALL in connection to datarouter.ol.epicgames.com:443 )
[2018.10.02-23.57.23:583][174]LogHttp: Warning: 000002232266FEC0: libcurl info message cache 9 (Closing connection 18)
[2018.10.02-23.59.45:250][597]LogHttp: Warning: 000002232266FEC0: request failed, libcurl error: 35 (SSL connect error)
[2018.10.02-23.59.45:250][597]LogHttp: Warning: 000002232266FEC0: libcurl info message cache 0 (Hostname in DNS cache was stale, zapped)
[2018.10.02-23.59.45:250][597]LogHttp: Warning: 000002232266FEC0: libcurl info message cache 1 (  Trying 34.202.188.131...)
[2018.10.02-23.59.45:250][597]LogHttp: Warning: 000002232266FEC0: libcurl info message cache 2 (TCP_NODELAY set)
[2018.10.02-23.59.45:250][597]LogHttp: Warning: 000002232266FEC0: libcurl info message cache 3 (Connected to datarouter.ol.epicgames.com (34.202.188.131) port 443 (#19))
[2018.10.02-23.59.45:250][597]LogHttp: Warning: 000002232266FEC0: libcurl info message cache 4 (ALPN, offering http/1.1)
[2018.10.02-23.59.45:250][597]LogHttp: Warning: 000002232266FEC0: libcurl info message cache 5 (Cipher selection: ALL:!EXPORT:!EXPORT40:!EXPORT56:!aNULL:!LOW:!RC4:@STRENGTH)
[2018.10.02-23.59.45:251][597]LogHttp: Warning: 000002232266FEC0: libcurl info message cache 6 (TLSv1.2 (OUT), TLS header, Certificate Status (22):)
[2018.10.02-23.59.45:251][597]LogHttp: Warning: 000002232266FEC0: libcurl info message cache 7 (TLSv1.2 (OUT), TLS handshake, Client hello (1):)
[2018.10.02-23.59.45:251][597]LogHttp: Warning: 000002232266FEC0: libcurl info message cache 8 (OpenSSL SSL_connect: SSL_ERROR_SYSCALL in connection to datarouter.ol.epicgames.com:443 )
[2018.10.02-23.59.45:251][597]LogHttp: Warning: 000002232266FEC0: libcurl info message cache 9 (Closing connection 19)
[2018.10.03-00.02.13:835][952]LogHttp: Warning: 000002232266D580: request failed, libcurl error: 35 (SSL connect error)
[2018.10.03-00.02.13:835][952]LogHttp: Warning: 000002232266D580: libcurl info message cache 0 (Hostname in DNS cache was stale, zapped)
[2018.10.03-00.02.13:835][952]LogHttp: Warning: 000002232266D580: libcurl info message cache 1 (  Trying 35.173.108.73...)
[2018.10.03-00.02.13:835][952]LogHttp: Warning: 000002232266D580: libcurl info message cache 2 (TCP_NODELAY set)
[2018.10.03-00.02.13:835][952]LogHttp: Warning: 000002232266D580: libcurl info message cache 3 (Connected to datarouter.ol.epicgames.com (35.173.108.73) port 443 (#20))
[2018.10.03-00.02.13:835][952]LogHttp: Warning: 000002232266D580: libcurl info message cache 4 (ALPN, offering http/1.1)
[2018.10.03-00.02.13:835][952]LogHttp: Warning: 000002232266D580: libcurl info message cache 5 (Cipher selection: ALL:!EXPORT:!EXPORT40:!EXPORT56:!aNULL:!LOW:!RC4:@STRENGTH)
[2018.10.03-00.02.13:835][952]LogHttp: Warning: 000002232266D580: libcurl info message cache 6 (TLSv1.2 (OUT), TLS header, Certificate Status (22):)
[2018.10.03-00.02.13:835][952]LogHttp: Warning: 000002232266D580: libcurl info message cache 7 (TLSv1.2 (OUT), TLS handshake, Client hello (1):)
[2018.10.03-00.02.13:835][952]LogHttp: Warning: 000002232266D580: libcurl info message cache 8 (OpenSSL SSL_connect: SSL_ERROR_SYSCALL in connection to datarouter.ol.epicgames.com:443 )
[2018.10.03-00.02.13:835][952]LogHttp: Warning: 000002232266D580: libcurl info message cache 9 (Closing connection 20)
[2018.10.03-00.04.35:355][ 90]LogHttp: Warning: 000002232266F240: request failed, libcurl error: 35 (SSL connect error)
[2018.10.03-00.04.35:355][ 90]LogHttp: Warning: 000002232266F240: libcurl info message cache 0 (Hostname in DNS cache was stale, zapped)
[2018.10.03-00.04.35:355][ 90]LogHttp: Warning: 000002232266F240: libcurl info message cache 1 (  Trying 52.207.154.38...)
[2018.10.03-00.04.35:355][ 90]LogHttp: Warning: 000002232266F240: libcurl info message cache 2 (TCP_NODELAY set)
[2018.10.03-00.04.35:355][ 90]LogHttp: Warning: 000002232266F240: libcurl info message cache 3 (Connected to datarouter.ol.epicgames.com (52.207.154.38) port 443 (#21))
[2018.10.03-00.04.35:355][ 90]LogHttp: Warning: 000002232266F240: libcurl info message cache 4 (ALPN, offering http/1.1)
[2018.10.03-00.04.35:355][ 90]LogHttp: Warning: 000002232266F240: libcurl info message cache 5 (Cipher selection: ALL:!EXPORT:!EXPORT40:!EXPORT56:!aNULL:!LOW:!RC4:@STRENGTH)
[2018.10.03-00.04.35:355][ 90]LogHttp: Warning: 000002232266F240: libcurl info message cache 6 (TLSv1.2 (OUT), TLS header, Certificate Status (22):)
[2018.10.03-00.04.35:355][ 90]LogHttp: Warning: 000002232266F240: libcurl info message cache 7 (TLSv1.2 (OUT), TLS handshake, Client hello (1):)
[2018.10.03-00.04.35:355][ 90]LogHttp: Warning: 000002232266F240: libcurl info message cache 8 (OpenSSL SSL_connect: SSL_ERROR_SYSCALL in connection to datarouter.ol.epicgames.com:443 )
[2018.10.03-00.04.35:355][ 90]LogHttp: Warning: 000002232266F240: libcurl info message cache 9 (Closing connection 21)
[2018.10.03-00.07.04:380][535]LogHttp: Warning: 000002232266F240: request failed, libcurl error: 35 (SSL connect error)
[2018.10.03-00.07.04:380][535]LogHttp: Warning: 000002232266F240: libcurl info message cache 0 (Hostname in DNS cache was stale, zapped)
[2018.10.03-00.07.04:380][535]LogHttp: Warning: 000002232266F240: libcurl info message cache 1 (  Trying 34.232.82.35...)
[2018.10.03-00.07.04:380][535]LogHttp: Warning: 000002232266F240: libcurl info message cache 2 (TCP_NODELAY set)
[2018.10.03-00.07.04:380][535]LogHttp: Warning: 000002232266F240: libcurl info message cache 3 (Connected to datarouter.ol.epicgames.com (34.232.82.35) port 443 (#22))
[2018.10.03-00.07.04:380][535]LogHttp: Warning: 000002232266F240: libcurl info message cache 4 (ALPN, offering http/1.1)
[2018.10.03-00.07.04:380][535]LogHttp: Warning: 000002232266F240: libcurl info message cache 5 (Cipher selection: ALL:!EXPORT:!EXPORT40:!EXPORT56:!aNULL:!LOW:!RC4:@STRENGTH)
[2018.10.03-00.07.04:380][535]LogHttp: Warning: 000002232266F240: libcurl info message cache 6 (TLSv1.2 (OUT), TLS header, Certificate Status (22):)
[2018.10.03-00.07.04:380][535]LogHttp: Warning: 000002232266F240: libcurl info message cache 7 (TLSv1.2 (OUT), TLS handshake, Client hello (1):)
[2018.10.03-00.07.04:380][535]LogHttp: Warning: 000002232266F240: libcurl info message cache 8 (OpenSSL SSL_connect: SSL_ERROR_SYSCALL in connection to datarouter.ol.epicgames.com:443 )
[2018.10.03-00.07.04:380][535]LogHttp: Warning: 000002232266F240: libcurl info message cache 9 (Closing connection 22)
[2018.10.03-00.09.33:455][980]LogHttp: Warning: 000002232266F240: request failed, libcurl error: 35 (SSL connect error)
[2018.10.03-00.09.33:455][980]LogHttp: Warning: 000002232266F240: libcurl info message cache 0 (Hostname in DNS cache was stale, zapped)
[2018.10.03-00.09.33:455][980]LogHttp: Warning: 000002232266F240: libcurl info message cache 1 (  Trying 35.172.157.112...)
[2018.10.03-00.09.33:455][980]LogHttp: Warning: 000002232266F240: libcurl info message cache 2 (TCP_NODELAY set)
[2018.10.03-00.09.33:455][980]LogHttp: Warning: 000002232266F240: libcurl info message cache 3 (Connected to datarouter.ol.epicgames.com (35.172.157.112) port 443 (#23))
[2018.10.03-00.09.33:455][980]LogHttp: Warning: 000002232266F240: libcurl info message cache 4 (ALPN, offering http/1.1)
[2018.10.03-00.09.33:455][980]LogHttp: Warning: 000002232266F240: libcurl info message cache 5 (Cipher selection: ALL:!EXPORT:!EXPORT40:!EXPORT56:!aNULL:!LOW:!RC4:@STRENGTH)
[2018.10.03-00.09.33:455][980]LogHttp: Warning: 000002232266F240: libcurl info message cache 6 (TLSv1.2 (OUT), TLS header, Certificate Status (22):)
[2018.10.03-00.09.33:455][980]LogHttp: Warning: 000002232266F240: libcurl info message cache 7 (TLSv1.2 (OUT), TLS handshake, Client hello (1):)
[2018.10.03-00.09.33:455][980]LogHttp: Warning: 000002232266F240: libcurl info message cache 8 (OpenSSL SSL_connect: SSL_ERROR_SYSCALL in connection to datarouter.ol.epicgames.com:443 )
[2018.10.03-00.09.33:455][980]LogHttp: Warning: 000002232266F240: libcurl info message cache 9 (Closing connection 23)
[2018.10.03-00.12.02:502][425]LogHttp: Warning: 000002232266F240: request failed, libcurl error: 35 (SSL connect error)
[2018.10.03-00.12.02:502][425]LogHttp: Warning: 000002232266F240: libcurl info message cache 0 (Hostname in DNS cache was stale, zapped)
[2018.10.03-00.12.02:502][425]LogHttp: Warning: 000002232266F240: libcurl info message cache 1 (  Trying 34.228.126.143...)
[2018.10.03-00.12.02:502][425]LogHttp: Warning: 000002232266F240: libcurl info message cache 2 (TCP_NODELAY set)
[2018.10.03-00.12.02:502][425]LogHttp: Warning: 000002232266F240: libcurl info message cache 3 (Connected to datarouter.ol.epicgames.com (34.228.126.143) port 443 (#24))
[2018.10.03-00.12.02:502][425]LogHttp: Warning: 000002232266F240: libcurl info message cache 4 (ALPN, offering http/1.1)
[2018.10.03-00.12.02:502][425]LogHttp: Warning: 000002232266F240: libcurl info message cache 5 (Cipher selection: ALL:!EXPORT:!EXPORT40:!EXPORT56:!aNULL:!LOW:!RC4:@STRENGTH)
[2018.10.03-00.12.02:502][425]LogHttp: Warning: 000002232266F240: libcurl info message cache 6 (TLSv1.2 (OUT), TLS header, Certificate Status (22):)
[2018.10.03-00.12.02:502][425]LogHttp: Warning: 000002232266F240: libcurl info message cache 7 (TLSv1.2 (OUT), TLS handshake, Client hello (1):)
[2018.10.03-00.12.02:502][425]LogHttp: Warning: 000002232266F240: libcurl info message cache 8 (OpenSSL SSL_connect: SSL_ERROR_SYSCALL in connection to datarouter.ol.epicgames.com:443 )
[2018.10.03-00.12.02:502][425]LogHttp: Warning: 000002232266F240: libcurl info message cache 9 (Closing connection 24)
[2018.10.03-00.14.31:505][870]LogHttp: Warning: 000002232266F240: request failed, libcurl error: 35 (SSL connect error)
[2018.10.03-00.14.31:506][870]LogHttp: Warning: 000002232266F240: libcurl info message cache 0 (Hostname in DNS cache was stale, zapped)
[2018.10.03-00.14.31:506][870]LogHttp: Warning: 000002232266F240: libcurl info message cache 1 (  Trying 34.206.173.2...)
[2018.10.03-00.14.31:506][870]LogHttp: Warning: 000002232266F240: libcurl info message cache 2 (TCP_NODELAY set)
[2018.10.03-00.14.31:506][870]LogHttp: Warning: 000002232266F240: libcurl info message cache 3 (Connected to datarouter.ol.epicgames.com (34.206.173.2) port 443 (#25))
[2018.10.03-00.14.31:506][870]LogHttp: Warning: 000002232266F240: libcurl info message cache 4 (ALPN, offering http/1.1)
[2018.10.03-00.14.31:506][870]LogHttp: Warning: 000002232266F240: libcurl info message cache 5 (Cipher selection: ALL:!EXPORT:!EXPORT40:!EXPORT56:!aNULL:!LOW:!RC4:@STRENGTH)
[2018.10.03-00.14.31:506][870]LogHttp: Warning: 000002232266F240: libcurl info message cache 6 (TLSv1.2 (OUT), TLS header, Certificate Status (22):)
[2018.10.03-00.14.31:506][870]LogHttp: Warning: 000002232266F240: libcurl info message cache 7 (TLSv1.2 (OUT), TLS handshake, Client hello (1):)
[2018.10.03-00.14.31:506][870]LogHttp: Warning: 000002232266F240: libcurl info message cache 8 (OpenSSL SSL_connect: SSL_ERROR_SYSCALL in connection to datarouter.ol.epicgames.com:443 )
[2018.10.03-00.14.31:506][870]LogHttp: Warning: 000002232266F240: libcurl info message cache 9 (Closing connection 25)
[2018.10.03-00.17.00:516][315]LogHttp: Warning: 000002232266F240: request failed, libcurl error: 35 (SSL connect error)
[2018.10.03-00.17.00:516][315]LogHttp: Warning: 000002232266F240: libcurl info message cache 0 (Hostname in DNS cache was stale, zapped)
[2018.10.03-00.17.00:516][315]LogHttp: Warning: 000002232266F240: libcurl info message cache 1 (  Trying 52.3.199.88...)
[2018.10.03-00.17.00:516][315]LogHttp: Warning: 000002232266F240: libcurl info message cache 2 (TCP_NODELAY set)
[2018.10.03-00.17.00:516][315]LogHttp: Warning: 000002232266F240: libcurl info message cache 3 (Connected to datarouter.ol.epicgames.com (52.3.199.88) port 443 (#26))
[2018.10.03-00.17.00:516][315]LogHttp: Warning: 000002232266F240: libcurl info message cache 4 (ALPN, offering http/1.1)
[2018.10.03-00.17.00:516][315]LogHttp: Warning: 000002232266F240: libcurl info message cache 5 (Cipher selection: ALL:!EXPORT:!EXPORT40:!EXPORT56:!aNULL:!LOW:!RC4:@STRENGTH)
[2018.10.03-00.17.00:516][315]LogHttp: Warning: 000002232266F240: libcurl info message cache 6 (TLSv1.2 (OUT), TLS header, Certificate Status (22):)
[2018.10.03-00.17.00:516][315]LogHttp: Warning: 000002232266F240: libcurl info message cache 7 (TLSv1.2 (OUT), TLS handshake, Client hello (1):)
[2018.10.03-00.17.00:517][315]LogHttp: Warning: 000002232266F240: libcurl info message cache 8 (OpenSSL SSL_connect: SSL_ERROR_SYSCALL in connection to datarouter.ol.epicgames.com:443 )
[2018.10.03-00.17.00:517][315]LogHttp: Warning: 000002232266F240: libcurl info message cache 9 (Closing connection 26)
[2018.10.03-00.19.21:955][737]LogHttp: Warning: 000002232266F240: request failed, libcurl error: 35 (SSL connect error)
[2018.10.03-00.19.21:955][737]LogHttp: Warning: 000002232266F240: libcurl info message cache 0 (Hostname in DNS cache was stale, zapped)
[2018.10.03-00.19.21:955][737]LogHttp: Warning: 000002232266F240: libcurl info message cache 1 (  Trying 34.199.66.0...)
[2018.10.03-00.19.21:955][737]LogHttp: Warning: 000002232266F240: libcurl info message cache 2 (TCP_NODELAY set)
[2018.10.03-00.19.21:955][737]LogHttp: Warning: 000002232266F240: libcurl info message cache 3 (Connected to datarouter.ol.epicgames.com (34.199.66.0) port 443 (#27))
[2018.10.03-00.19.21:955][737]LogHttp: Warning: 000002232266F240: libcurl info message cache 4 (ALPN, offering http/1.1)
[2018.10.03-00.19.21:955][737]LogHttp: Warning: 000002232266F240: libcurl info message cache 5 (Cipher selection: ALL:!EXPORT:!EXPORT40:!EXPORT56:!aNULL:!LOW:!RC4:@STRENGTH)
[2018.10.03-00.19.21:955][737]LogHttp: Warning: 000002232266F240: libcurl info message cache 6 (TLSv1.2 (OUT), TLS header, Certificate Status (22):)
[2018.10.03-00.19.21:955][737]LogHttp: Warning: 000002232266F240: libcurl info message cache 7 (TLSv1.2 (OUT), TLS handshake, Client hello (1):)
[2018.10.03-00.19.21:955][737]LogHttp: Warning: 000002232266F240: libcurl info message cache 8 (OpenSSL SSL_connect: SSL_ERROR_SYSCALL in connection to datarouter.ol.epicgames.com:443 )
[2018.10.03-00.19.21:955][737]LogHttp: Warning: 000002232266F240: libcurl info message cache 9 (Closing connection 27)
[2018.10.03-00.21.50:944][182]LogHttp: Warning: 000002232266F240: request failed, libcurl error: 35 (SSL connect error)
[2018.10.03-00.21.50:944][182]LogHttp: Warning: 000002232266F240: libcurl info message cache 0 (Hostname in DNS cache was stale, zapped)
[2018.10.03-00.21.50:944][182]LogHttp: Warning: 000002232266F240: libcurl info message cache 1 (  Trying 34.235.83.12...)
[2018.10.03-00.21.50:944][182]LogHttp: Warning: 000002232266F240: libcurl info message cache 2 (TCP_NODELAY set)
[2018.10.03-00.21.50:944][182]LogHttp: Warning: 000002232266F240: libcurl info message cache 3 (Connected to datarouter.ol.epicgames.com (34.235.83.12) port 443 (#28))
[2018.10.03-00.21.50:944][182]LogHttp: Warning: 000002232266F240: libcurl info message cache 4 (ALPN, offering http/1.1)
[2018.10.03-00.21.50:944][182]LogHttp: Warning: 000002232266F240: libcurl info message cache 5 (Cipher selection: ALL:!EXPORT:!EXPORT40:!EXPORT56:!aNULL:!LOW:!RC4:@STRENGTH)
[2018.10.03-00.21.50:944][182]LogHttp: Warning: 000002232266F240: libcurl info message cache 6 (TLSv1.2 (OUT), TLS header, Certificate Status (22):)
[2018.10.03-00.21.50:944][182]LogHttp: Warning: 000002232266F240: libcurl info message cache 7 (TLSv1.2 (OUT), TLS handshake, Client hello (1):)
[2018.10.03-00.21.50:944][182]LogHttp: Warning: 000002232266F240: libcurl info message cache 8 (OpenSSL SSL_connect: SSL_ERROR_SYSCALL in connection to datarouter.ol.epicgames.com:443 )
[2018.10.03-00.21.50:944][182]LogHttp: Warning: 000002232266F240: libcurl info message cache 9 (Closing connection 28)
[2018.10.03-00.24.12:656][605]LogHttp: Warning: 000002232266F240: request failed, libcurl error: 35 (SSL connect error)
[2018.10.03-00.24.12:656][605]LogHttp: Warning: 000002232266F240: libcurl info message cache 0 (Hostname in DNS cache was stale, zapped)
[2018.10.03-00.24.12:656][605]LogHttp: Warning: 000002232266F240: libcurl info message cache 1 (  Trying 52.202.184.141...)
[2018.10.03-00.24.12:657][605]LogHttp: Warning: 000002232266F240: libcurl info message cache 2 (TCP_NODELAY set)
[2018.10.03-00.24.12:657][605]LogHttp: Warning: 000002232266F240: libcurl info message cache 3 (Connected to datarouter.ol.epicgames.com (52.202.184.141) port 443 (#29))
[2018.10.03-00.24.12:657][605]LogHttp: Warning: 000002232266F240: libcurl info message cache 4 (ALPN, offering http/1.1)
[2018.10.03-00.24.12:657][605]LogHttp: Warning: 000002232266F240: libcurl info message cache 5 (Cipher selection: ALL:!EXPORT:!EXPORT40:!EXPORT56:!aNULL:!LOW:!RC4:@STRENGTH)
[2018.10.03-00.24.12:657][605]LogHttp: Warning: 000002232266F240: libcurl info message cache 6 (TLSv1.2 (OUT), TLS header, Certificate Status (22):)
[2018.10.03-00.24.12:657][605]LogHttp: Warning: 000002232266F240: libcurl info message cache 7 (TLSv1.2 (OUT), TLS handshake, Client hello (1):)
[2018.10.03-00.24.12:657][605]LogHttp: Warning: 000002232266F240: libcurl info message cache 8 (OpenSSL SSL_connect: SSL_ERROR_SYSCALL in connection to datarouter.ol.epicgames.com:443 )
[2018.10.03-00.24.12:657][605]LogHttp: Warning: 000002232266F240: libcurl info message cache 9 (Closing connection 29)
[2018.10.03-00.26.41:654][ 50]LogHttp: Warning: 000002232266F240: request failed, libcurl error: 35 (SSL connect error)
[2018.10.03-00.26.41:655][ 50]LogHttp: Warning: 000002232266F240: libcurl info message cache 0 (Hostname in DNS cache was stale, zapped)
[2018.10.03-00.26.41:655][ 50]LogHttp: Warning: 000002232266F240: libcurl info message cache 1 (  Trying 34.231.103.121...)
[2018.10.03-00.26.41:655][ 50]LogHttp: Warning: 000002232266F240: libcurl info message cache 2 (TCP_NODELAY set)
[2018.10.03-00.26.41:655][ 50]LogHttp: Warning: 000002232266F240: libcurl info message cache 3 (Connected to datarouter.ol.epicgames.com (34.231.103.121) port 443 (#30))
[2018.10.03-00.26.41:655][ 50]LogHttp: Warning: 000002232266F240: libcurl info message cache 4 (ALPN, offering http/1.1)
[2018.10.03-00.26.41:655][ 50]LogHttp: Warning: 000002232266F240: libcurl info message cache 5 (Cipher selection: ALL:!EXPORT:!EXPORT40:!EXPORT56:!aNULL:!LOW:!RC4:@STRENGTH)
[2018.10.03-00.26.41:655][ 50]LogHttp: Warning: 000002232266F240: libcurl info message cache 6 (TLSv1.2 (OUT), TLS header, Certificate Status (22):)
[2018.10.03-00.26.41:655][ 50]LogHttp: Warning: 000002232266F240: libcurl info message cache 7 (TLSv1.2 (OUT), TLS handshake, Client hello (1):)
[2018.10.03-00.26.41:655][ 50]LogHttp: Warning: 000002232266F240: libcurl info message cache 8 (OpenSSL SSL_connect: SSL_ERROR_SYSCALL in connection to datarouter.ol.epicgames.com:443 )
[2018.10.03-00.26.41:655][ 50]LogHttp: Warning: 000002232266F240: libcurl info message cache 9 (Closing connection 30)
[2018.10.03-00.27.46:187][278]LogSlate: FSceneViewport::OnFocusLost() reason 0
[2018.10.03-00.29.03:245][510]LogHttp: Warning: 000002232266C540: request failed, libcurl error: 35 (SSL connect error)
[2018.10.03-00.29.03:245][510]LogHttp: Warning: 000002232266C540: libcurl info message cache 0 (Hostname in DNS cache was stale, zapped)
[2018.10.03-00.29.03:245][510]LogHttp: Warning: 000002232266C540: libcurl info message cache 1 (  Trying 34.207.10.243...)
[2018.10.03-00.29.03:245][510]LogHttp: Warning: 000002232266C540: libcurl info message cache 2 (TCP_NODELAY set)
[2018.10.03-00.29.03:245][510]LogHttp: Warning: 000002232266C540: libcurl info message cache 3 (Connected to datarouter.ol.epicgames.com (34.207.10.243) port 443 (#31))
[2018.10.03-00.29.03:245][510]LogHttp: Warning: 000002232266C540: libcurl info message cache 4 (ALPN, offering http/1.1)
[2018.10.03-00.29.03:245][510]LogHttp: Warning: 000002232266C540: libcurl info message cache 5 (Cipher selection: ALL:!EXPORT:!EXPORT40:!EXPORT56:!aNULL:!LOW:!RC4:@STRENGTH)
[2018.10.03-00.29.03:245][510]LogHttp: Warning: 000002232266C540: libcurl info message cache 6 (TLSv1.2 (OUT), TLS header, Certificate Status (22):)
[2018.10.03-00.29.03:245][510]LogHttp: Warning: 000002232266C540: libcurl info message cache 7 (TLSv1.2 (OUT), TLS handshake, Client hello (1):)
[2018.10.03-00.29.03:245][510]LogHttp: Warning: 000002232266C540: libcurl info message cache 8 (OpenSSL SSL_connect: SSL_ERROR_SYSCALL in connection to datarouter.ol.epicgames.com:443 )
[2018.10.03-00.29.03:245][510]LogHttp: Warning: 000002232266C540: libcurl info message cache 9 (Closing connection 31)
[2018.10.03-00.31.32:008][950]LogHttp: Warning: 000002232266C540: request failed, libcurl error: 35 (SSL connect error)
[2018.10.03-00.31.32:008][950]LogHttp: Warning: 000002232266C540: libcurl info message cache 0 (Hostname in DNS cache was stale, zapped)
[2018.10.03-00.31.32:008][950]LogHttp: Warning: 000002232266C540: libcurl info message cache 1 (  Trying 34.228.126.143...)
[2018.10.03-00.31.32:008][950]LogHttp: Warning: 000002232266C540: libcurl info message cache 2 (TCP_NODELAY set)
[2018.10.03-00.31.32:008][950]LogHttp: Warning: 000002232266C540: libcurl info message cache 3 (Connected to datarouter.ol.epicgames.com (34.228.126.143) port 443 (#32))
[2018.10.03-00.31.32:008][950]LogHttp: Warning: 000002232266C540: libcurl info message cache 4 (ALPN, offering http/1.1)
[2018.10.03-00.31.32:008][950]LogHttp: Warning: 000002232266C540: libcurl info message cache 5 (Cipher selection: ALL:!EXPORT:!EXPORT40:!EXPORT56:!aNULL:!LOW:!RC4:@STRENGTH)
[2018.10.03-00.31.32:008][950]LogHttp: Warning: 000002232266C540: libcurl info message cache 6 (TLSv1.2 (OUT), TLS header, Certificate Status (22):)
[2018.10.03-00.31.32:008][950]LogHttp: Warning: 000002232266C540: libcurl info message cache 7 (TLSv1.2 (OUT), TLS handshake, Client hello (1):)
[2018.10.03-00.31.32:008][950]LogHttp: Warning: 000002232266C540: libcurl info message cache 8 (OpenSSL SSL_connect: SSL_ERROR_SYSCALL in connection to datarouter.ol.epicgames.com:443 )
[2018.10.03-00.31.32:008][950]LogHttp: Warning: 000002232266C540: libcurl info message cache 9 (Closing connection 32)
